2019-07-11 17:25:44,995 151325 [en Dependencies] ERROR internal.MarkerLocationService  - Error checking for schema
java.lang.NullPointerException
	at org.eclipse.m2e.editor.xml.internal.MarkerLocationService.checkForSchema(MarkerLocationService.java:258)
	at org.eclipse.m2e.editor.xml.internal.MarkerLocationService.addEditorHintMarkers(MarkerLocationService.java:240)
	at org.eclipse.m2e.core.internal.markers.MarkerUtils.addEditorHintMarkers(MarkerUtils.java:66)
	at org.eclipse.m2e.core.internal.project.registry.ProjectRegistryManager.lambda$2(ProjectRegistryManager.java:703)
	at org.eclipse.m2e.core.internal.embedder.MavenExecutionContext.executeBare(MavenExecutionContext.java:177)
	at org.eclipse.m2e.core.internal.embedder.MavenExecutionContext.execute(MavenExecutionContext.java:151)
	at org.eclipse.m2e.core.internal.embedder.MavenExecutionContext.execute(MavenExecutionContext.java:99)
	at org.eclipse.m2e.core.internal.project.registry.ProjectRegistryManager.execute(ProjectRegistryManager.java:958)
	at org.eclipse.m2e.core.internal.project.registry.ProjectRegistryManager.readMavenProjectFacade(ProjectRegistryManager.java:694)
	at org.eclipse.m2e.core.internal.project.registry.ProjectRegistryManager.refresh(ProjectRegistryManager.java:396)
	at org.eclipse.m2e.core.internal.project.registry.ProjectRegistryManager.refresh(ProjectRegistryManager.java:349)
	at org.eclipse.m2e.core.internal.project.registry.ProjectRegistryRefreshJob$1$1.call(ProjectRegistryRefreshJob.java:89)
	at org.eclipse.m2e.core.internal.project.registry.ProjectRegistryRefreshJob$1$1.call(ProjectRegistryRefreshJob.java:1)
	at org.eclipse.m2e.core.internal.embedder.MavenExecutionContext.executeBare(MavenExecutionContext.java:177)
	at org.eclipse.m2e.core.internal.embedder.MavenExecutionContext.execute(MavenExecutionContext.java:151)
	at org.eclipse.m2e.core.internal.embedder.MavenExecutionContext.execute(MavenExecutionContext.java:99)
	at org.eclipse.m2e.core.internal.embedder.MavenImpl.execute(MavenImpl.java:1332)
	at org.eclipse.m2e.core.internal.project.registry.ProjectRegistryRefreshJob$1.call(ProjectRegistryRefreshJob.java:87)
	at org.eclipse.m2e.core.internal.project.registry.ProjectRegistryRefreshJob$1.call(ProjectRegistryRefreshJob.java:1)
	at org.eclipse.m2e.core.internal.embedder.MavenExecutionContext.executeBare(MavenExecutionContext.java:177)
	at org.eclipse.m2e.core.internal.embedder.MavenExecutionContext.execute(MavenExecutionContext.java:151)
	at org.eclipse.m2e.core.internal.embedder.MavenExecutionContext.execute(MavenExecutionContext.java:99)
	at org.eclipse.m2e.core.internal.embedder.MavenImpl.execute(MavenImpl.java:1336)
	at org.eclipse.m2e.core.internal.project.registry.ProjectRegistryRefreshJob.run(ProjectRegistryRefreshJob.java:81)
	at org.eclipse.core.internal.jobs.Worker.run(Worker.java:63)
2019-07-11 17:25:45,147 151477 [en Dependencies] ERROR internal.MarkerLocationService  - Error checking for warnings
java.lang.NullPointerException
	at org.eclipse.m2e.editor.xml.internal.MarkerLocationService.checkVarious(MarkerLocationService.java:587)
	at org.eclipse.m2e.editor.xml.internal.MarkerLocationService.addEditorHintMarkers(MarkerLocationService.java:241)
	at org.eclipse.m2e.core.internal.markers.MarkerUtils.addEditorHintMarkers(MarkerUtils.java:66)
	at org.eclipse.m2e.core.internal.project.registry.ProjectRegistryManager.lambda$2(ProjectRegistryManager.java:703)
	at org.eclipse.m2e.core.internal.embedder.MavenExecutionContext.executeBare(MavenExecutionContext.java:177)
	at org.eclipse.m2e.core.internal.embedder.MavenExecutionContext.execute(MavenExecutionContext.java:151)
	at org.eclipse.m2e.core.internal.embedder.MavenExecutionContext.execute(MavenExecutionContext.java:99)
	at org.eclipse.m2e.core.internal.project.registry.ProjectRegistryManager.execute(ProjectRegistryManager.java:958)
	at org.eclipse.m2e.core.internal.project.registry.ProjectRegistryManager.readMavenProjectFacade(ProjectRegistryManager.java:694)
	at org.eclipse.m2e.core.internal.project.registry.ProjectRegistryManager.refresh(ProjectRegistryManager.java:396)
	at org.eclipse.m2e.core.internal.project.registry.ProjectRegistryManager.refresh(ProjectRegistryManager.java:349)
	at org.eclipse.m2e.core.internal.project.registry.ProjectRegistryRefreshJob$1$1.call(ProjectRegistryRefreshJob.java:89)
	at org.eclipse.m2e.core.internal.project.registry.ProjectRegistryRefreshJob$1$1.call(ProjectRegistryRefreshJob.java:1)
	at org.eclipse.m2e.core.internal.embedder.MavenExecutionContext.executeBare(MavenExecutionContext.java:177)
	at org.eclipse.m2e.core.internal.embedder.MavenExecutionContext.execute(MavenExecutionContext.java:151)
	at org.eclipse.m2e.core.internal.embedder.MavenExecutionContext.execute(MavenExecutionContext.java:99)
	at org.eclipse.m2e.core.internal.embedder.MavenImpl.execute(MavenImpl.java:1332)
	at org.eclipse.m2e.core.internal.project.registry.ProjectRegistryRefreshJob$1.call(ProjectRegistryRefreshJob.java:87)
	at org.eclipse.m2e.core.internal.project.registry.ProjectRegistryRefreshJob$1.call(ProjectRegistryRefreshJob.java:1)
	at org.eclipse.m2e.core.internal.embedder.MavenExecutionContext.executeBare(MavenExecutionContext.java:177)
	at org.eclipse.m2e.core.internal.embedder.MavenExecutionContext.execute(MavenExecutionContext.java:151)
	at org.eclipse.m2e.core.internal.embedder.MavenExecutionContext.execute(MavenExecutionContext.java:99)
	at org.eclipse.m2e.core.internal.embedder.MavenImpl.execute(MavenImpl.java:1336)
	at org.eclipse.m2e.core.internal.project.registry.ProjectRegistryRefreshJob.run(ProjectRegistryRefreshJob.java:81)
	at org.eclipse.core.internal.jobs.Worker.run(Worker.java:63)
2019-07-12 10:45:22,545 5852263 [lding workspace] WARN  nternal.embedder.EclipseLogger  - Using platform encoding (Cp1252 actually) to copy filtered resources, i.e. build is platform dependent!
2019-07-12 10:45:22,666 5852384 [lding workspace] WARN  nternal.embedder.EclipseLogger  - Using platform encoding (Cp1252 actually) to copy filtered resources, i.e. build is platform dependent!
2019-07-12 10:45:22,669 5852387 [lding workspace] WARN  nternal.embedder.EclipseLogger  - Using platform encoding (Cp1252 actually) to copy filtered resources, i.e. build is platform dependent!
2019-07-12 10:45:26,705 5856423 [g Maven Project] WARN  nternal.embedder.EclipseLogger  - Using platform encoding (Cp1252 actually) to copy filtered resources, i.e. build is platform dependent!
2019-07-12 10:45:26,711 5856429 [g Maven Project] WARN  nternal.embedder.EclipseLogger  - Using platform encoding (Cp1252 actually) to copy filtered resources, i.e. build is platform dependent!
2019-07-12 10:45:26,715 5856433 [g Maven Project] WARN  nternal.embedder.EclipseLogger  - Using platform encoding (Cp1252 actually) to copy filtered resources, i.e. build is platform dependent!
2019-07-12 10:45:28,685 5858403 [ng-mvc-security] WARN  nternal.embedder.EclipseLogger  - Using platform encoding (Cp1252 actually) to copy filtered resources, i.e. build is platform dependent!
2019-07-12 10:45:28,687 5858405 [ng-mvc-security] WARN  nternal.embedder.EclipseLogger  - Using platform encoding (Cp1252 actually) to copy filtered resources, i.e. build is platform dependent!
2019-07-12 10:45:28,697 5858415 [ng-mvc-security] WARN  nternal.embedder.EclipseLogger  - Using platform encoding (Cp1252 actually) to copy filtered resources, i.e. build is platform dependent!
2019-07-12 10:45:32,670 5862388 [lding workspace] WARN  nternal.embedder.EclipseLogger  - Using platform encoding (Cp1252 actually) to copy filtered resources, i.e. build is platform dependent!
2019-07-12 10:45:32,673 5862391 [lding workspace] WARN  nternal.embedder.EclipseLogger  - Using platform encoding (Cp1252 actually) to copy filtered resources, i.e. build is platform dependent!
2019-07-12 10:45:37,270 5866988 [lding workspace] WARN  nternal.embedder.EclipseLogger  - Using platform encoding (Cp1252 actually) to copy filtered resources, i.e. build is platform dependent!
2019-07-12 10:45:37,272 5866990 [lding workspace] WARN  nternal.embedder.EclipseLogger  - Using platform encoding (Cp1252 actually) to copy filtered resources, i.e. build is platform dependent!
2019-07-12 10:45:38,453 5868171 [lding workspace] WARN  nternal.embedder.EclipseLogger  - Using platform encoding (Cp1252 actually) to copy filtered resources, i.e. build is platform dependent!
2019-07-12 10:45:38,454 5868172 [lding workspace] WARN  nternal.embedder.EclipseLogger  - Using platform encoding (Cp1252 actually) to copy filtered resources, i.e. build is platform dependent!
2019-07-12 10:47:54,252 6003970 [lding workspace] WARN  nternal.embedder.EclipseLogger  - Using platform encoding (Cp1252 actually) to copy filtered resources, i.e. build is platform dependent!
2019-07-12 10:47:54,253 6003971 [lding workspace] WARN  nternal.embedder.EclipseLogger  - Using platform encoding (Cp1252 actually) to copy filtered resources, i.e. build is platform dependent!
2019-07-12 10:48:43,149 6052867 [lding workspace] WARN  nternal.embedder.EclipseLogger  - Using platform encoding (Cp1252 actually) to copy filtered resources, i.e. build is platform dependent!
2019-07-12 10:48:43,151 6052869 [lding workspace] WARN  nternal.embedder.EclipseLogger  - Using platform encoding (Cp1252 actually) to copy filtered resources, i.e. build is platform dependent!
2019-07-12 10:52:50,884 6300602 [lding workspace] WARN  nternal.embedder.EclipseLogger  - Using platform encoding (Cp1252 actually) to copy filtered resources, i.e. build is platform dependent!
2019-07-12 10:52:50,885 6300603 [lding workspace] WARN  nternal.embedder.EclipseLogger  - Using platform encoding (Cp1252 actually) to copy filtered resources, i.e. build is platform dependent!
2019-07-12 10:54:46,246 6415964 [lding workspace] WARN  nternal.embedder.EclipseLogger  - Using platform encoding (Cp1252 actually) to copy filtered resources, i.e. build is platform dependent!
2019-07-12 10:54:46,248 6415966 [lding workspace] WARN  nternal.embedder.EclipseLogger  - Using platform encoding (Cp1252 actually) to copy filtered resources, i.e. build is platform dependent!
2019-07-12 10:54:51,544 6421262 [lding workspace] WARN  nternal.embedder.EclipseLogger  - Using platform encoding (Cp1252 actually) to copy filtered resources, i.e. build is platform dependent!
2019-07-12 10:54:51,548 6421266 [lding workspace] WARN  nternal.embedder.EclipseLogger  - Using platform encoding (Cp1252 actually) to copy filtered resources, i.e. build is platform dependent!
2019-07-12 11:39:13,326 9083044 [lding workspace] WARN  nternal.embedder.EclipseLogger  - Using platform encoding (Cp1252 actually) to copy filtered resources, i.e. build is platform dependent!
2019-07-12 11:39:13,329 9083047 [lding workspace] WARN  nternal.embedder.EclipseLogger  - Using platform encoding (Cp1252 actually) to copy filtered resources, i.e. build is platform dependent!
2019-07-12 11:45:07,857 9437575 [lding workspace] WARN  nternal.embedder.EclipseLogger  - Using platform encoding (Cp1252 actually) to copy filtered resources, i.e. build is platform dependent!
2019-07-12 11:45:07,868 9437586 [lding workspace] WARN  nternal.embedder.EclipseLogger  - Using platform encoding (Cp1252 actually) to copy filtered resources, i.e. build is platform dependent!
2019-07-12 11:50:36,754 9766472 [lding workspace] WARN  nternal.embedder.EclipseLogger  - Using platform encoding (Cp1252 actually) to copy filtered resources, i.e. build is platform dependent!
2019-07-12 11:50:36,755 9766473 [lding workspace] WARN  nternal.embedder.EclipseLogger  - Using platform encoding (Cp1252 actually) to copy filtered resources, i.e. build is platform dependent!
2019-07-12 11:50:39,069 9768787 [lding workspace] WARN  nternal.embedder.EclipseLogger  - Using platform encoding (Cp1252 actually) to copy filtered resources, i.e. build is platform dependent!
2019-07-12 11:50:39,071 9768789 [lding workspace] WARN  nternal.embedder.EclipseLogger  - Using platform encoding (Cp1252 actually) to copy filtered resources, i.e. build is platform dependent!
2019-07-12 11:50:40,090 9769808 [lding workspace] WARN  nternal.embedder.EclipseLogger  - Using platform encoding (Cp1252 actually) to copy filtered resources, i.e. build is platform dependent!
2019-07-12 11:50:40,092 9769810 [lding workspace] WARN  nternal.embedder.EclipseLogger  - Using platform encoding (Cp1252 actually) to copy filtered resources, i.e. build is platform dependent!
2019-07-12 11:51:28,523 9818241 [lding workspace] WARN  nternal.embedder.EclipseLogger  - Using platform encoding (Cp1252 actually) to copy filtered resources, i.e. build is platform dependent!
2019-07-12 11:51:28,524 9818242 [lding workspace] WARN  nternal.embedder.EclipseLogger  - Using platform encoding (Cp1252 actually) to copy filtered resources, i.e. build is platform dependent!
2019-07-12 12:00:48,297 10378015 [lding workspace] WARN  nternal.embedder.EclipseLogger  - Using platform encoding (Cp1252 actually) to copy filtered resources, i.e. build is platform dependent!
2019-07-12 12:00:48,298 10378016 [lding workspace] WARN  nternal.embedder.EclipseLogger  - Using platform encoding (Cp1252 actually) to copy filtered resources, i.e. build is platform dependent!
2019-07-12 12:10:59,198 10988916 [lding workspace] WARN  nternal.embedder.EclipseLogger  - Using platform encoding (Cp1252 actually) to copy filtered resources, i.e. build is platform dependent!
2019-07-12 12:10:59,199 10988917 [lding workspace] WARN  nternal.embedder.EclipseLogger  - Using platform encoding (Cp1252 actually) to copy filtered resources, i.e. build is platform dependent!
2019-07-12 12:11:14,711 11004429 [lding workspace] WARN  nternal.embedder.EclipseLogger  - Using platform encoding (Cp1252 actually) to copy filtered resources, i.e. build is platform dependent!
2019-07-12 12:11:14,712 11004430 [lding workspace] WARN  nternal.embedder.EclipseLogger  - Using platform encoding (Cp1252 actually) to copy filtered resources, i.e. build is platform dependent!
2019-07-12 12:12:10,503 11060221 [lding workspace] WARN  nternal.embedder.EclipseLogger  - Using platform encoding (Cp1252 actually) to copy filtered resources, i.e. build is platform dependent!
2019-07-12 12:12:10,504 11060222 [lding workspace] WARN  nternal.embedder.EclipseLogger  - Using platform encoding (Cp1252 actually) to copy filtered resources, i.e. build is platform dependent!
2019-07-12 12:12:55,893 11105611 [lding workspace] WARN  nternal.embedder.EclipseLogger  - Using platform encoding (Cp1252 actually) to copy filtered resources, i.e. build is platform dependent!
2019-07-12 12:12:55,895 11105613 [lding workspace] WARN  nternal.embedder.EclipseLogger  - Using platform encoding (Cp1252 actually) to copy filtered resources, i.e. build is platform dependent!
2019-07-12 12:17:16,688 11366406 [lding workspace] WARN  nternal.embedder.EclipseLogger  - Using platform encoding (Cp1252 actually) to copy filtered resources, i.e. build is platform dependent!
2019-07-12 12:17:16,689 11366407 [lding workspace] WARN  nternal.embedder.EclipseLogger  - Using platform encoding (Cp1252 actually) to copy filtered resources, i.e. build is platform dependent!
2019-07-12 12:18:17,651 11427369 [lding workspace] WARN  nternal.embedder.EclipseLogger  - Using platform encoding (Cp1252 actually) to copy filtered resources, i.e. build is platform dependent!
2019-07-12 12:18:17,655 11427373 [lding workspace] WARN  nternal.embedder.EclipseLogger  - Using platform encoding (Cp1252 actually) to copy filtered resources, i.e. build is platform dependent!
2019-07-12 12:18:54,266 11463984 [lding workspace] WARN  nternal.embedder.EclipseLogger  - Using platform encoding (Cp1252 actually) to copy filtered resources, i.e. build is platform dependent!
2019-07-12 12:18:54,267 11463985 [lding workspace] WARN  nternal.embedder.EclipseLogger  - Using platform encoding (Cp1252 actually) to copy filtered resources, i.e. build is platform dependent!
2019-07-12 12:23:02,898 11712616 [lding workspace] WARN  nternal.embedder.EclipseLogger  - Using platform encoding (Cp1252 actually) to copy filtered resources, i.e. build is platform dependent!
2019-07-12 12:23:02,899 11712617 [lding workspace] WARN  nternal.embedder.EclipseLogger  - Using platform encoding (Cp1252 actually) to copy filtered resources, i.e. build is platform dependent!
2019-07-12 12:24:54,680 11824398 [lding workspace] WARN  nternal.embedder.EclipseLogger  - Using platform encoding (Cp1252 actually) to copy filtered resources, i.e. build is platform dependent!
2019-07-12 12:24:54,681 11824399 [lding workspace] WARN  nternal.embedder.EclipseLogger  - Using platform encoding (Cp1252 actually) to copy filtered resources, i.e. build is platform dependent!
2019-07-12 12:25:12,229 11841947 [lding workspace] WARN  nternal.embedder.EclipseLogger  - Using platform encoding (Cp1252 actually) to copy filtered resources, i.e. build is platform dependent!
2019-07-12 12:25:12,230 11841948 [lding workspace] WARN  nternal.embedder.EclipseLogger  - Using platform encoding (Cp1252 actually) to copy filtered resources, i.e. build is platform dependent!
2019-07-12 12:25:54,558 11884276 [lding workspace] WARN  nternal.embedder.EclipseLogger  - Using platform encoding (Cp1252 actually) to copy filtered resources, i.e. build is platform dependent!
2019-07-12 12:25:54,559 11884277 [lding workspace] WARN  nternal.embedder.EclipseLogger  - Using platform encoding (Cp1252 actually) to copy filtered resources, i.e. build is platform dependent!
